<?xml version="1.0" encoding="UTF-8"?>
<coverage generated="1684804380461" clover="3.2.0">
  <project timestamp="1684804380461" name="All files">
    <metrics statements="23" coveredstatements="23" conditionals="32" coveredconditionals="32" methods="2" coveredmethods="2" elements="57" coveredelements="57" complexity="0" loc="23" ncloc="23" packages="1" files="1" classes="1"/>
    <file name="timeWord.js" path="/Users/bradley/Desktop/VSCode/Course/Assessment-7-Node-Express-2/node-express-2/timeWord.js">
      <metrics statements="23" coveredstatements="23" conditionals="32" coveredconditionals="32" methods="2" coveredmethods="2"/>
      <line num="2" count="23" type="stmt"/>
      <line num="17" count="23" type="stmt"/>
      <line num="35" count="23" type="stmt"/>
      <line num="47" count="23" type="stmt"/>
      <line num="49" count="23" type="stmt"/>
      <line num="50" count="23" type="stmt"/>
      <line num="53" count="23" type="cond" truecount="4" falsecount="0"/>
      <line num="54" count="21" type="cond" truecount="4" falsecount="0"/>
      <line num="56" count="19" type="cond" truecount="2" falsecount="0"/>
      <line num="57" count="17" type="cond" truecount="2" falsecount="0"/>
      <line num="59" count="16" type="stmt"/>
      <line num="60" count="80" type="cond" truecount="2" falsecount="0"/>
      <line num="61" count="2" type="stmt"/>
      <line num="65" count="16" type="cond" truecount="2" falsecount="0"/>
      <line num="68" count="14" type="cond" truecount="4" falsecount="0"/>
      <line num="70" count="13" type="cond" truecount="4" falsecount="0"/>
      <line num="72" count="12" type="stmt"/>
      <line num="77" count="12" type="cond" truecount="2" falsecount="0"/>
      <line num="79" count="12" type="cond" truecount="2" falsecount="0"/>
      <line num="81" count="11" type="cond" truecount="2" falsecount="0"/>
      <line num="83" count="9" type="cond" truecount="2" falsecount="0"/>
      <line num="85" count="9" type="stmt"/>
      <line num="88" count="1" type="stmt"/>
    </file>
  </project>
</coverage>
