{"/Users/bradley/Desktop/VSCode/Course/Assessment-7-Node-Express-2/node-express-2/timeWord.js": {"path":"/Users/bradley/Desktop/VSCode/Course/Assessment-7-Node-Express-2/node-express-2/timeWord.js","statementMap":{"0":{"start":{"line":2,"column":20},"end":{"line":16,"column":5}},"1":{"start":{"line":17,"column":22},"end":{"line":23,"column":5}},"2":{"start":{"line":35,"column":25},"end":{"line":46,"column":5}},"3":{"start":{"line":47,"column":20},"end":{"line":47,"column":75}},"4":{"start":{"line":49,"column":16},"end":{"line":49,"column":44}},"5":{"start":{"line":50,"column":17},"end":{"line":50,"column":35}},"6":{"start":{"line":53,"column":4},"end":{"line":53,"column":72}},"7":{"start":{"line":53,"column":31},"end":{"line":53,"column":70}},"8":{"start":{"line":54,"column":4},"end":{"line":54,"column":74}},"9":{"start":{"line":54,"column":33},"end":{"line":54,"column":72}},"10":{"start":{"line":56,"column":4},"end":{"line":56,"column":58}},"11":{"start":{"line":56,"column":28},"end":{"line":56,"column":56}},"12":{"start":{"line":57,"column":4},"end":{"line":57,"column":64}},"13":{"start":{"line":57,"column":34},"end":{"line":57,"column":62}},"14":{"start":{"line":59,"column":20},"end":{"line":64,"column":6}},"15":{"start":{"line":60,"column":8},"end":{"line":62,"column":9}},"16":{"start":{"line":61,"column":12},"end":{"line":61,"column":23}},"17":{"start":{"line":65,"column":4},"end":{"line":65,"column":73}},"18":{"start":{"line":65,"column":38},"end":{"line":65,"column":72}},"19":{"start":{"line":68,"column":4},"end":{"line":68,"column":57}},"20":{"start":{"line":68,"column":38},"end":{"line":68,"column":55}},"21":{"start":{"line":70,"column":4},"end":{"line":70,"column":54}},"22":{"start":{"line":70,"column":39},"end":{"line":70,"column":52}},"23":{"start":{"line":72,"column":14},"end":{"line":72,"column":16}},"24":{"start":{"line":77,"column":4},"end":{"line":77,"column":131}},"25":{"start":{"line":79,"column":4},"end":{"line":79,"column":72}},"26":{"start":{"line":79,"column":25},"end":{"line":79,"column":70}},"27":{"start":{"line":81,"column":4},"end":{"line":81,"column":94}},"28":{"start":{"line":81,"column":24},"end":{"line":81,"column":93}},"29":{"start":{"line":83,"column":4},"end":{"line":83,"column":150}},"30":{"start":{"line":85,"column":4},"end":{"line":85,"column":41}},"31":{"start":{"line":88,"column":0},"end":{"line":88,"column":29}}},"fnMap":{"0":{"name":"timeWord","decl":{"start":{"line":1,"column":9},"end":{"line":1,"column":17}},"loc":{"start":{"line":1,"column":24},"end":{"line":86,"column":1}},"line":1},"1":{"name":"(anonymous_1)","decl":{"start":{"line":59,"column":39},"end":{"line":59,"column":40}},"loc":{"start":{"line":59,"column":47},"end":{"line":64,"column":5}},"line":59}},"branchMap":{"0":{"loc":{"start":{"line":53,"column":4},"end":{"line":53,"column":72}},"type":"if","locations":[{"start":{"line":53,"column":4},"end":{"line":53,"column":72}},{"start":{},"end":{}}],"line":53},"1":{"loc":{"start":{"line":53,"column":8},"end":{"line":53,"column":27}},"type":"binary-expr","locations":[{"start":{"line":53,"column":8},"end":{"line":53,"column":15}},{"start":{"line":53,"column":19},"end":{"line":53,"column":27}}],"line":53},"2":{"loc":{"start":{"line":54,"column":4},"end":{"line":54,"column":74}},"type":"if","locations":[{"start":{"line":54,"column":4},"end":{"line":54,"column":74}},{"start":{},"end":{}}],"line":54},"3":{"loc":{"start":{"line":54,"column":8},"end":{"line":54,"column":29}},"type":"binary-expr","locations":[{"start":{"line":54,"column":8},"end":{"line":54,"column":16}},{"start":{"line":54,"column":20},"end":{"line":54,"column":29}}],"line":54},"4":{"loc":{"start":{"line":56,"column":4},"end":{"line":56,"column":58}},"type":"if","locations":[{"start":{"line":56,"column":4},"end":{"line":56,"column":58}},{"start":{},"end":{}}],"line":56},"5":{"loc":{"start":{"line":57,"column":4},"end":{"line":57,"column":64}},"type":"if","locations":[{"start":{"line":57,"column":4},"end":{"line":57,"column":64}},{"start":{},"end":{}}],"line":57},"6":{"loc":{"start":{"line":60,"column":8},"end":{"line":62,"column":9}},"type":"if","locations":[{"start":{"line":60,"column":8},"end":{"line":62,"column":9}},{"start":{},"end":{}}],"line":60},"7":{"loc":{"start":{"line":65,"column":4},"end":{"line":65,"column":73}},"type":"if","locations":[{"start":{"line":65,"column":4},"end":{"line":65,"column":73}},{"start":{},"end":{}}],"line":65},"8":{"loc":{"start":{"line":68,"column":4},"end":{"line":68,"column":57}},"type":"if","locations":[{"start":{"line":68,"column":4},"end":{"line":68,"column":57}},{"start":{},"end":{}}],"line":68},"9":{"loc":{"start":{"line":68,"column":8},"end":{"line":68,"column":34}},"type":"binary-expr","locations":[{"start":{"line":68,"column":8},"end":{"line":68,"column":17}},{"start":{"line":68,"column":21},"end":{"line":68,"column":34}}],"line":68},"10":{"loc":{"start":{"line":70,"column":4},"end":{"line":70,"column":54}},"type":"if","locations":[{"start":{"line":70,"column":4},"end":{"line":70,"column":54}},{"start":{},"end":{}}],"line":70},"11":{"loc":{"start":{"line":70,"column":8},"end":{"line":70,"column":35}},"type":"binary-expr","locations":[{"start":{"line":70,"column":8},"end":{"line":70,"column":18}},{"start":{"line":70,"column":22},"end":{"line":70,"column":35}}],"line":70},"12":{"loc":{"start":{"line":77,"column":4},"end":{"line":77,"column":131}},"type":"cond-expr","locations":[{"start":{"line":77,"column":17},"end":{"line":77,"column":69}},{"start":{"line":77,"column":75},"end":{"line":77,"column":130}}],"line":77},"13":{"loc":{"start":{"line":79,"column":4},"end":{"line":79,"column":72}},"type":"if","locations":[{"start":{"line":79,"column":4},"end":{"line":79,"column":72}},{"start":{},"end":{}}],"line":79},"14":{"loc":{"start":{"line":81,"column":4},"end":{"line":81,"column":94}},"type":"if","locations":[{"start":{"line":81,"column":4},"end":{"line":81,"column":94}},{"start":{},"end":{}}],"line":81},"15":{"loc":{"start":{"line":83,"column":4},"end":{"line":83,"column":150}},"type":"cond-expr","locations":[{"start":{"line":83,"column":19},"end":{"line":83,"column":68}},{"start":{"line":83,"column":71},"end":{"line":83,"column":150}}],"line":83}},"s":{"0":23,"1":23,"2":23,"3":23,"4":23,"5":23,"6":23,"7":2,"8":21,"9":2,"10":19,"11":2,"12":17,"13":1,"14":16,"15":80,"16":2,"17":16,"18":2,"19":14,"20":1,"21":13,"22":1,"23":12,"24":12,"25":12,"26":1,"27":11,"28":2,"29":9,"30":9,"31":1},"f":{"0":23,"1":80},"b":{"0":[2,21],"1":[23,22],"2":[2,19],"3":[21,20],"4":[2,17],"5":[1,16],"6":[2,78],"7":[2,14],"8":[1,13],"9":[14,2],"10":[1,12],"11":[13,1],"12":[7,5],"13":[1,11],"14":[2,9],"15":[4,5]},"_coverageSchema":"1a1c01bbd47fc00a2c39e90264f33305004495a9","hash":"d84d1493e71516dde9a8717c8dc70c7e995e22c2"}
}
