TN:
SF:timeWord.js
FN:1,timeWord
FN:59,(anonymous_1)
FNF:2
FNH:2
FNDA:23,timeWord
FNDA:80,(anonymous_1)
DA:2,23
DA:17,23
DA:35,23
DA:47,23
DA:49,23
DA:50,23
DA:53,23
DA:54,21
DA:56,19
DA:57,17
DA:59,16
DA:60,80
DA:61,2
DA:65,16
DA:68,14
DA:70,13
DA:72,12
DA:77,12
DA:79,12
DA:81,11
DA:83,9
DA:85,9
DA:88,1
LF:23
LH:23
BRDA:53,0,0,2
BRDA:53,0,1,21
BRDA:53,1,0,23
BRDA:53,1,1,22
BRDA:54,2,0,2
BRDA:54,2,1,19
BRDA:54,3,0,21
BRDA:54,3,1,20
BRDA:56,4,0,2
BRDA:56,4,1,17
BRDA:57,5,0,1
BRDA:57,5,1,16
BRDA:60,6,0,2
BRDA:60,6,1,78
BRDA:65,7,0,2
BRDA:65,7,1,14
BRDA:68,8,0,1
BRDA:68,8,1,13
BRDA:68,9,0,14
BRDA:68,9,1,2
BRDA:70,10,0,1
BRDA:70,10,1,12
BRDA:70,11,0,13
BRDA:70,11,1,1
BRDA:77,12,0,7
BRDA:77,12,1,5
BRDA:79,13,0,1
BRDA:79,13,1,11
BRDA:81,14,0,2
BRDA:81,14,1,9
BRDA:83,15,0,4
BRDA:83,15,1,5
BRF:32
BRH:32
end_of_record
